====== WebDriver manager ======
Get LATEST chromedriver version for google-chrome
Get LATEST chromedriver version for google-chrome
There is no [mac64] chromedriver "143.0.7499.42" for browser google-chrome "143.0.7499" in cache
Get LATEST chromedriver version for google-chrome
WebDriver version 143.0.7499.42 selected
Modern chrome version https://storage.googleapis.com/chrome-for-testing-public/143.0.7499.42/mac-arm64/chromedriver-mac-arm64.zip
About to download new driver from https://storage.googleapis.com/chrome-for-testing-public/143.0.7499.42/mac-arm64/chromedriver-mac-arm64.zip
Driver downloading response is 200
Get LATEST chromedriver version for google-chrome
Driver has been saved in cache [/Users/aditya.chaudhari/.wdm/drivers/chromedriver/mac64/143.0.7499.42]
====== WebDriver manager ======
Get LATEST chromedriver version for google-chrome
Get LATEST chromedriver version for google-chrome
Driver [/Users/aditya.chaudhari/.wdm/drivers/chromedriver/mac64/143.0.7499.42/chromedriver-mac-arm64/chromedriver] found in cache
====== WebDriver manager ======
Get LATEST chromedriver version for google-chrome
Get LATEST chromedriver version for google-chrome
Driver [/Users/aditya.chaudhari/.wdm/drivers/chromedriver/mac64/143.0.7499.42/chromedriver-mac-arm64/chromedriver] found in cache
====== WebDriver manager ======
Get LATEST chromedriver version for google-chrome
Get LATEST chromedriver version for google-chrome
Driver [/Users/aditya.chaudhari/.wdm/drivers/chromedriver/mac64/143.0.7499.42/chromedriver-mac-arm64/chromedriver] found in cache
====== WebDriver manager ======
Get LATEST chromedriver version for google-chrome
Get LATEST chromedriver version for google-chrome
Driver [/Users/aditya.chaudhari/.wdm/drivers/chromedriver/mac64/143.0.7499.42/chromedriver-mac-arm64/chromedriver] found in cache
====== WebDriver manager ======
Get LATEST chromedriver version for google-chrome
Get LATEST chromedriver version for google-chrome
Driver [/Users/aditya.chaudhari/.wdm/drivers/chromedriver/mac64/143.0.7499.42/chromedriver-mac-arm64/chromedriver] found in cache
====== WebDriver manager ======
Get LATEST chromedriver version for google-chrome
Get LATEST chromedriver version for google-chrome
Driver [/Users/aditya.chaudhari/.wdm/drivers/chromedriver/mac64/143.0.7499.42/chromedriver-mac-arm64/chromedriver] found in cache
====== WebDriver manager ======
Get LATEST chromedriver version for google-chrome
Get LATEST chromedriver version for google-chrome
Driver [/Users/aditya.chaudhari/.wdm/drivers/chromedriver/mac64/143.0.7499.42/chromedriver-mac-arm64/chromedriver] found in cache
====== WebDriver manager ======
Get LATEST chromedriver version for google-chrome
Get LATEST chromedriver version for google-chrome
Driver [/Users/aditya.chaudhari/.wdm/drivers/chromedriver/mac64/143.0.7499.42/chromedriver-mac-arm64/chromedriver] found in cache
====== WebDriver manager ======
Get LATEST chromedriver version for google-chrome
Get LATEST chromedriver version for google-chrome
Driver [/Users/aditya.chaudhari/.wdm/drivers/chromedriver/mac64/143.0.7499.42/chromedriver-mac-arm64/chromedriver] found in cache
====== WebDriver manager ======
Get LATEST chromedriver version for google-chrome
Get LATEST chromedriver version for google-chrome
Driver [/Users/aditya.chaudhari/.wdm/drivers/chromedriver/mac64/143.0.7499.42/chromedriver-mac-arm64/chromedriver] found in cache
====== WebDriver manager ======
Get LATEST chromedriver version for google-chrome
Get LATEST chromedriver version for google-chrome
Driver [/Users/aditya.chaudhari/.wdm/drivers/chromedriver/mac64/143.0.7499.42/chromedriver-mac-arm64/chromedriver] found in cache
====== WebDriver manager ======
Get LATEST chromedriver version for google-chrome
Get LATEST chromedriver version for google-chrome
Driver [/Users/aditya.chaudhari/.wdm/drivers/chromedriver/mac64/143.0.7499.42/chromedriver-mac-arm64/chromedriver] found in cache
====== WebDriver manager ======
Get LATEST chromedriver version for google-chrome
Get LATEST chromedriver version for google-chrome
Driver [/Users/aditya.chaudhari/.wdm/drivers/chromedriver/mac64/143.0.7499.42/chromedriver-mac-arm64/chromedriver] found in cache
====== WebDriver manager ======
Get LATEST chromedriver version for google-chrome
Get LATEST chromedriver version for google-chrome
Driver [/Users/aditya.chaudhari/.wdm/drivers/chromedriver/mac64/143.0.7499.42/chromedriver-mac-arm64/chromedriver] found in cache
====== WebDriver manager ======
Get LATEST chromedriver version for google-chrome
Get LATEST chromedriver version for google-chrome
Driver [/Users/aditya.chaudhari/.wdm/drivers/chromedriver/mac64/143.0.7499.42/chromedriver-mac-arm64/chromedriver] found in cache
====== WebDriver manager ======
Get LATEST chromedriver version for google-chrome
Get LATEST chromedriver version for google-chrome
Driver [/Users/aditya.chaudhari/.wdm/drivers/chromedriver/mac64/143.0.7499.42/chromedriver-mac-arm64/chromedriver] found in cache
====== WebDriver manager ======
Get LATEST chromedriver version for google-chrome
Get LATEST chromedriver version for google-chrome
Driver [/Users/aditya.chaudhari/.wdm/drivers/chromedriver/mac64/143.0.7499.42/chromedriver-mac-arm64/chromedriver] found in cache
====== WebDriver manager ======
Get LATEST chromedriver version for google-chrome
Get LATEST chromedriver version for google-chrome
Driver [/Users/aditya.chaudhari/.wdm/drivers/chromedriver/mac64/143.0.7499.42/chromedriver-mac-arm64/chromedriver] found in cache
====== WebDriver manager ======
Get LATEST chromedriver version for google-chrome
Get LATEST chromedriver version for google-chrome
Driver [/Users/aditya.chaudhari/.wdm/drivers/chromedriver/mac64/143.0.7499.42/chromedriver-mac-arm64/chromedriver] found in cache
====== WebDriver manager ======
Get LATEST chromedriver version for google-chrome
Get LATEST chromedriver version for google-chrome
Driver [/Users/aditya.chaudhari/.wdm/drivers/chromedriver/mac64/143.0.7499.42/chromedriver-mac-arm64/chromedriver] found in cache
====== WebDriver manager ======
Get LATEST chromedriver version for google-chrome
Get LATEST chromedriver version for google-chrome
Driver [/Users/aditya.chaudhari/.wdm/drivers/chromedriver/mac64/143.0.7499.42/chromedriver-mac-arm64/chromedriver] found in cache
====== WebDriver manager ======
Get LATEST chromedriver version for google-chrome
Get LATEST chromedriver version for google-chrome
Driver [/Users/aditya.chaudhari/.wdm/drivers/chromedriver/mac64/143.0.7499.42/chromedriver-mac-arm64/chromedriver] found in cache
====== WebDriver manager ======
Get LATEST chromedriver version for google-chrome
Get LATEST chromedriver version for google-chrome
Driver [/Users/aditya.chaudhari/.wdm/drivers/chromedriver/mac64/143.0.7499.42/chromedriver-mac-arm64/chromedriver] found in cache
====== WebDriver manager ======
Get LATEST chromedriver version for google-chrome
Get LATEST chromedriver version for google-chrome
Driver [/Users/aditya.chaudhari/.wdm/drivers/chromedriver/mac64/143.0.7499.42/chromedriver-mac-arm64/chromedriver] found in cache
====== WebDriver manager ======
Get LATEST chromedriver version for google-chrome
Get LATEST chromedriver version for google-chrome
Driver [/Users/aditya.chaudhari/.wdm/drivers/chromedriver/mac64/143.0.7499.42/chromedriver-mac-arm64/chromedriver] found in cache
====== WebDriver manager ======
Get LATEST chromedriver version for google-chrome
Get LATEST chromedriver version for google-chrome
Driver [/Users/aditya.chaudhari/.wdm/drivers/chromedriver/mac64/143.0.7499.42/chromedriver-mac-arm64/chromedriver] found in cache
====== WebDriver manager ======
Get LATEST chromedriver version for google-chrome
Get LATEST chromedriver version for google-chrome
Driver [/Users/aditya.chaudhari/.wdm/drivers/chromedriver/mac64/143.0.7499.42/chromedriver-mac-arm64/chromedriver] found in cache
====== WebDriver manager ======
Get LATEST chromedriver version for google-chrome
Get LATEST chromedriver version for google-chrome
Driver [/Users/aditya.chaudhari/.wdm/drivers/chromedriver/mac64/143.0.7499.42/chromedriver-mac-arm64/chromedriver] found in cache
====== WebDriver manager ======
Get LATEST chromedriver version for google-chrome
Get LATEST chromedriver version for google-chrome
Driver [/Users/aditya.chaudhari/.wdm/drivers/chromedriver/mac64/143.0.7499.42/chromedriver-mac-arm64/chromedriver] found in cache
====== WebDriver manager ======
Get LATEST chromedriver version for google-chrome
Get LATEST chromedriver version for google-chrome
====== WebDriver manager ======
Driver [/Users/aditya.chaudhari/.wdm/drivers/chromedriver/mac64/143.0.7499.42/chromedriver-mac-arm64/chromedriver] found in cache
Get LATEST chromedriver version for google-chrome
Get LATEST chromedriver version for google-chrome
Driver [/Users/aditya.chaudhari/.wdm/drivers/chromedriver/mac64/143.0.7499.42/chromedriver-mac-arm64/chromedriver] found in cache
====== WebDriver manager ======
Get LATEST chromedriver version for google-chrome
====== WebDriver manager ======
Get LATEST chromedriver version for google-chrome
Get LATEST chromedriver version for google-chrome
Driver [/Users/aditya.chaudhari/.wdm/drivers/chromedriver/mac64/143.0.7499.42/chromedriver-mac-arm64/chromedriver] found in cache
Get LATEST chromedriver version for google-chrome
Driver [/Users/aditya.chaudhari/.wdm/drivers/chromedriver/mac64/143.0.7499.42/chromedriver-mac-arm64/chromedriver] found in cache
====== WebDriver manager ======
Get LATEST chromedriver version for google-chrome
Get LATEST chromedriver version for google-chrome
====== WebDriver manager ======
Driver [/Users/aditya.chaudhari/.wdm/drivers/chromedriver/mac64/143.0.7499.42/chromedriver-mac-arm64/chromedriver] found in cache
Get LATEST chromedriver version for google-chrome
Get LATEST chromedriver version for google-chrome
Driver [/Users/aditya.chaudhari/.wdm/drivers/chromedriver/mac64/143.0.7499.42/chromedriver-mac-arm64/chromedriver] found in cache
====== WebDriver manager ======
Get LATEST chromedriver version for google-chrome
Get LATEST chromedriver version for google-chrome
Driver [/Users/aditya.chaudhari/.wdm/drivers/chromedriver/mac64/143.0.7499.42/chromedriver-mac-arm64/chromedriver] found in cache
====== WebDriver manager ======
Get LATEST chromedriver version for google-chrome
Get LATEST chromedriver version for google-chrome
Driver [/Users/aditya.chaudhari/.wdm/drivers/chromedriver/mac64/143.0.7499.42/chromedriver-mac-arm64/chromedriver] found in cache
====== WebDriver manager ======
Get LATEST chromedriver version for google-chrome
Get LATEST chromedriver version for google-chrome
Driver [/Users/aditya.chaudhari/.wdm/drivers/chromedriver/mac64/143.0.7499.42/chromedriver-mac-arm64/chromedriver] found in cache
====== WebDriver manager ======
Get LATEST chromedriver version for google-chrome
Get LATEST chromedriver version for google-chrome
Driver [/Users/aditya.chaudhari/.wdm/drivers/chromedriver/mac64/143.0.7499.42/chromedriver-mac-arm64/chromedriver] found in cache
====== WebDriver manager ======
====== WebDriver manager ======
Get LATEST chromedriver version for google-chrome
Get LATEST chromedriver version for google-chrome
Get LATEST chromedriver version for google-chrome
Get LATEST chromedriver version for google-chrome
Driver [/Users/aditya.chaudhari/.wdm/drivers/chromedriver/mac64/143.0.7499.42/chromedriver-mac-arm64/chromedriver] found in cache
Driver [/Users/aditya.chaudhari/.wdm/drivers/chromedriver/mac64/143.0.7499.42/chromedriver-mac-arm64/chromedriver] found in cache
====== WebDriver manager ======
Get LATEST chromedriver version for google-chrome
Get LATEST chromedriver version for google-chrome
Driver [/Users/aditya.chaudhari/.wdm/drivers/chromedriver/mac64/143.0.7499.42/chromedriver-mac-arm64/chromedriver] found in cache
====== WebDriver manager ======
Get LATEST chromedriver version for google-chrome
Get LATEST chromedriver version for google-chrome
Driver [/Users/aditya.chaudhari/.wdm/drivers/chromedriver/mac64/143.0.7499.42/chromedriver-mac-arm64/chromedriver] found in cache
====== WebDriver manager ======
Get LATEST chromedriver version for google-chrome
Get LATEST chromedriver version for google-chrome
Driver [/Users/aditya.chaudhari/.wdm/drivers/chromedriver/mac64/143.0.7499.42/chromedriver-mac-arm64/chromedriver] found in cache
====== WebDriver manager ======
Get LATEST chromedriver version for google-chrome
Get LATEST chromedriver version for google-chrome
Driver [/Users/aditya.chaudhari/.wdm/drivers/chromedriver/mac64/143.0.7499.42/chromedriver-mac-arm64/chromedriver] found in cache
====== WebDriver manager ======
Get LATEST chromedriver version for google-chrome
Get LATEST chromedriver version for google-chrome
Driver [/Users/aditya.chaudhari/.wdm/drivers/chromedriver/mac64/143.0.7499.42/chromedriver-mac-arm64/chromedriver] found in cache
====== WebDriver manager ======
Get LATEST chromedriver version for google-chrome
Get LATEST chromedriver version for google-chrome
Driver [/Users/aditya.chaudhari/.wdm/drivers/chromedriver/mac64/143.0.7499.42/chromedriver-mac-arm64/chromedriver] found in cache
====== WebDriver manager ======
Get LATEST chromedriver version for google-chrome
Get LATEST chromedriver version for google-chrome
Driver [/Users/aditya.chaudhari/.wdm/drivers/chromedriver/mac64/143.0.7499.42/chromedriver-mac-arm64/chromedriver] found in cache
====== WebDriver manager ======
Get LATEST chromedriver version for google-chrome
Get LATEST chromedriver version for google-chrome
Driver [/Users/aditya.chaudhari/.wdm/drivers/chromedriver/mac64/143.0.7499.42/chromedriver-mac-arm64/chromedriver] found in cache
====== WebDriver manager ======
Get LATEST chromedriver version for google-chrome
Get LATEST chromedriver version for google-chrome
Driver [/Users/aditya.chaudhari/.wdm/drivers/chromedriver/mac64/143.0.7499.42/chromedriver-mac-arm64/chromedriver] found in cache
====== WebDriver manager ======
Get LATEST chromedriver version for google-chrome
Get LATEST chromedriver version for google-chrome
Driver [/Users/aditya.chaudhari/.wdm/drivers/chromedriver/mac64/143.0.7499.42/chromedriver-mac-arm64/chromedriver] found in cache
====== WebDriver manager ======
Get LATEST chromedriver version for google-chrome
Get LATEST chromedriver version for google-chrome
Driver [/Users/aditya.chaudhari/.wdm/drivers/chromedriver/mac64/143.0.7499.42/chromedriver-mac-arm64/chromedriver] found in cache
====== WebDriver manager ======
Get LATEST chromedriver version for google-chrome
Get LATEST chromedriver version for google-chrome
Driver [/Users/aditya.chaudhari/.wdm/drivers/chromedriver/mac64/143.0.7499.42/chromedriver-mac-arm64/chromedriver] found in cache
====== WebDriver manager ======
Get LATEST chromedriver version for google-chrome
Get LATEST chromedriver version for google-chrome
Driver [/Users/aditya.chaudhari/.wdm/drivers/chromedriver/mac64/143.0.7499.42/chromedriver-mac-arm64/chromedriver] found in cache
====== WebDriver manager ======
Get LATEST chromedriver version for google-chrome
Get LATEST chromedriver version for google-chrome
Driver [/Users/aditya.chaudhari/.wdm/drivers/chromedriver/mac64/143.0.7499.42/chromedriver-mac-arm64/chromedriver] found in cache
====== WebDriver manager ======
Get LATEST chromedriver version for google-chrome
Get LATEST chromedriver version for google-chrome
Driver [/Users/aditya.chaudhari/.wdm/drivers/chromedriver/mac64/143.0.7499.42/chromedriver-mac-arm64/chromedriver] found in cache
====== WebDriver manager ======
Get LATEST chromedriver version for google-chrome
Get LATEST chromedriver version for google-chrome
Driver [/Users/aditya.chaudhari/.wdm/drivers/chromedriver/mac64/143.0.7499.42/chromedriver-mac-arm64/chromedriver] found in cache
====== WebDriver manager ======
Get LATEST chromedriver version for google-chrome
Get LATEST chromedriver version for google-chrome
Driver [/Users/aditya.chaudhari/.wdm/drivers/chromedriver/mac64/143.0.7499.42/chromedriver-mac-arm64/chromedriver] found in cache
====== WebDriver manager ======
Get LATEST chromedriver version for google-chrome
Get LATEST chromedriver version for google-chrome
Driver [/Users/aditya.chaudhari/.wdm/drivers/chromedriver/mac64/143.0.7499.42/chromedriver-mac-arm64/chromedriver] found in cache
====== WebDriver manager ======
Get LATEST chromedriver version for google-chrome
Get LATEST chromedriver version for google-chrome
Driver [/Users/aditya.chaudhari/.wdm/drivers/chromedriver/mac64/143.0.7499.42/chromedriver-mac-arm64/chromedriver] found in cache
====== WebDriver manager ======
Get LATEST chromedriver version for google-chrome
Get LATEST chromedriver version for google-chrome
Driver [/Users/aditya.chaudhari/.wdm/drivers/chromedriver/mac64/143.0.7499.42/chromedriver-mac-arm64/chromedriver] found in cache
====== WebDriver manager ======
Get LATEST chromedriver version for google-chrome
Get LATEST chromedriver version for google-chrome
Driver [/Users/aditya.chaudhari/.wdm/drivers/chromedriver/mac64/143.0.7499.42/chromedriver-mac-arm64/chromedriver] found in cache
====== WebDriver manager ======
Get LATEST chromedriver version for google-chrome
Get LATEST chromedriver version for google-chrome
Driver [/Users/aditya.chaudhari/.wdm/drivers/chromedriver/mac64/143.0.7499.42/chromedriver-mac-arm64/chromedriver] found in cache
====== WebDriver manager ======
Get LATEST chromedriver version for google-chrome
Get LATEST chromedriver version for google-chrome
Driver [/Users/aditya.chaudhari/.wdm/drivers/chromedriver/mac64/143.0.7499.42/chromedriver-mac-arm64/chromedriver] found in cache
====== WebDriver manager ======
Get LATEST chromedriver version for google-chrome
Get LATEST chromedriver version for google-chrome
Driver [/Users/aditya.chaudhari/.wdm/drivers/chromedriver/mac64/143.0.7499.42/chromedriver-mac-arm64/chromedriver] found in cache
====== WebDriver manager ======
Get LATEST chromedriver version for google-chrome
Get LATEST chromedriver version for google-chrome
Driver [/Users/aditya.chaudhari/.wdm/drivers/chromedriver/mac64/143.0.7499.42/chromedriver-mac-arm64/chromedriver] found in cache
====== WebDriver manager ======
Get LATEST chromedriver version for google-chrome
Get LATEST chromedriver version for google-chrome
Driver [/Users/aditya.chaudhari/.wdm/drivers/chromedriver/mac64/143.0.7499.42/chromedriver-mac-arm64/chromedriver] found in cache
====== WebDriver manager ======
Get LATEST chromedriver version for google-chrome
Get LATEST chromedriver version for google-chrome
Driver [/Users/aditya.chaudhari/.wdm/drivers/chromedriver/mac64/143.0.7499.42/chromedriver-mac-arm64/chromedriver] found in cache
====== WebDriver manager ======
Get LATEST chromedriver version for google-chrome
Get LATEST chromedriver version for google-chrome
Driver [/Users/aditya.chaudhari/.wdm/drivers/chromedriver/mac64/143.0.7499.42/chromedriver-mac-arm64/chromedriver] found in cache
====== WebDriver manager ======
Get LATEST chromedriver version for google-chrome
Get LATEST chromedriver version for google-chrome
Driver [/Users/aditya.chaudhari/.wdm/drivers/chromedriver/mac64/143.0.7499.42/chromedriver-mac-arm64/chromedriver] found in cache
====== WebDriver manager ======
Get LATEST chromedriver version for google-chrome
Get LATEST chromedriver version for google-chrome
Driver [/Users/aditya.chaudhari/.wdm/drivers/chromedriver/mac64/143.0.7499.42/chromedriver-mac-arm64/chromedriver] found in cache
====== WebDriver manager ======
Get LATEST chromedriver version for google-chrome
Get LATEST chromedriver version for google-chrome
Driver [/Users/aditya.chaudhari/.wdm/drivers/chromedriver/mac64/143.0.7499.42/chromedriver-mac-arm64/chromedriver] found in cache
====== WebDriver manager ======
Get LATEST chromedriver version for google-chrome
Get LATEST chromedriver version for google-chrome
Driver [/Users/aditya.chaudhari/.wdm/drivers/chromedriver/mac64/143.0.7499.42/chromedriver-mac-arm64/chromedriver] found in cache
====== WebDriver manager ======
Get LATEST chromedriver version for google-chrome
Get LATEST chromedriver version for google-chrome
Driver [/Users/aditya.chaudhari/.wdm/drivers/chromedriver/mac64/143.0.7499.42/chromedriver-mac-arm64/chromedriver] found in cache
====== WebDriver manager ======
Get LATEST chromedriver version for google-chrome
Get LATEST chromedriver version for google-chrome
Driver [/Users/aditya.chaudhari/.wdm/drivers/chromedriver/mac64/143.0.7499.42/chromedriver-mac-arm64/chromedriver] found in cache
====== WebDriver manager ======
Get LATEST chromedriver version for google-chrome
Get LATEST chromedriver version for google-chrome
Driver [/Users/aditya.chaudhari/.wdm/drivers/chromedriver/mac64/143.0.7499.42/chromedriver-mac-arm64/chromedriver] found in cache
